<?xml version="1.0" encoding="UTF-8"?>
<testng-results ignored="0" total="1" passed="1" failed="0" skipped="0">
  <reporter-output>
  </reporter-output>
  <suite started-at="2023-12-23T14:46:39 IST" name="Default suite" finished-at="2023-12-23T14:47:00 IST" duration-ms="21191">
    <groups>
    </groups>
    <test started-at="2023-12-23T14:46:39 IST" name="Default test" finished-at="2023-12-23T14:47:00 IST" duration-ms="21191">
      <class name="ExtentReport.ScreenShot_ExtentReport">
        <test-method signature="report()[pri:0, instance:ExtentReport.ScreenShot_ExtentReport@5ab956d7]" started-at="2023-12-23T14:46:39 IST" name="report" finished-at="2023-12-23T14:47:00 IST" duration-ms="21111" status="PASS">
          <reporter-output>
          </reporter-output>
        </test-method> <!-- report -->
      </class> <!-- ExtentReport.ScreenShot_ExtentReport -->
    </test> <!-- Default test -->
  </suite> <!-- Default suite -->
</testng-results>
